<?xml version="1.0" encoding="UTF-8"?>
<!-- Generated by org.testng.reporters.JUnitReportReporter -->
<testsuite skipped="0" hostname="ASC-5994TT2-PC" name="com.qa.ascendum.test.HomePageTest" tests="1" failures="0" timestamp="19 Apr 2019 19:03:43 GMT" time="49.708" errors="0">
  <testcase name="validateLogo" time="49.708" classname="com.qa.ascendum.test.HomePageTest"/>
</testsuite> <!-- com.qa.ascendum.test.HomePageTest -->
