<?xml version="1.0" encoding="UTF-8"?>
<!-- Generated by org.testng.reporters.JUnitReportReporter -->
<testsuite skipped="0" hostname="LAPTOP-RF3RFKPO" name="com.qa.ascendum.test.HomePageTest" tests="1" failures="0" timestamp="19 Apr 2019 14:38:19 GMT" time="48.338" errors="0">
  <testcase name="validateLogo" time="48.338" classname="com.qa.ascendum.test.HomePageTest"/>
</testsuite> <!-- com.qa.ascendum.test.HomePageTest -->
