<?xml version="1.0" encoding="UTF-8"?>
<!-- Generated by org.testng.reporters.JUnitReportReporter -->
<testsuite skipped="0" hostname="ASC-5994TT2-PC" name="com.qa.ascendum.test.HomePageTest" tests="2" failures="0" timestamp="23 Apr 2019 14:18:18 GMT" time="2.425" errors="0">
  <testcase name="validateHomepage" time="1.924" classname="com.qa.ascendum.test.HomePageTest"/>
  <testcase name="searchPhrase" time="0.501" classname="com.qa.ascendum.test.HomePageTest"/>
</testsuite> <!-- com.qa.ascendum.test.HomePageTest -->
