<?xml version="1.0" encoding="UTF-8"?>
<!-- Generated by org.testng.reporters.JUnitReportReporter -->
<testsuite skipped="0" hostname="ASC-5994TT2-PC" name="com.qa.ascendum.test.HomePageTest" tests="1" failures="0" timestamp="22 Apr 2019 19:51:09 GMT" time="65.445" errors="0">
  <testcase name="validateHomepage" time="65.445" classname="com.qa.ascendum.test.HomePageTest"/>
</testsuite> <!-- com.qa.ascendum.test.HomePageTest -->
